The system is: Linux - 4.12.14-95.51-default - x86_64
Compiling the C compiler identification source file "CMakeCCompilerId.c" succeeded.
Compiler: /glade/u/apps/ch/opt/ncarcompilers/0.5.0/gnu/10.1.0/gcc 
Build flags: 
Id flags:  

The output was:
0


Compilation of the C compiler identification source "CMakeCCompilerId.c" produced "a.out"

The C compiler identification is GNU, found in "/glade/scratch/jframe/nh-libtorch/build/CMakeFiles/3.18.2/CompilerIdC/a.out"

Compiling the CXX compiler identification source file "CMakeCXXCompilerId.cpp" succeeded.
Compiler: /glade/u/apps/ch/opt/ncarcompilers/0.5.0/gnu/10.1.0/g++ 
Build flags: 
Id flags:  

The output was:
0


Compilation of the CXX compiler identification source "CMakeCXXCompilerId.cpp" produced "a.out"

The CXX compiler identification is GNU, found in "/glade/scratch/jframe/nh-libtorch/build/CMakeFiles/3.18.2/CompilerIdCXX/a.out"

Detecting C compiler ABI info compiled with the following output:
Change Dir: /glade/scratch/jframe/nh-libtorch/build/CMakeFiles/CMakeTmp

Run Build Command(s):/usr/bin/gmake cmTC_c4e2e/fast && /usr/bin/gmake  -f CMakeFiles/cmTC_c4e2e.dir/build.make CMakeFiles/cmTC_c4e2e.dir/build
gmake[1]: Entering directory '/glade/scratch/jframe/nh-libtorch/build/CMakeFiles/CMakeTmp'
Building C object CMakeFiles/cmTC_c4e2e.dir/CMakeCCompilerABI.c.o
/glade/u/apps/ch/opt/ncarcompilers/0.5.0/gnu/10.1.0/gcc   -v -o CMakeFiles/cmTC_c4e2e.dir/CMakeCCompilerABI.c.o -c /glade/u/apps/ch/opt/cmake/3.18.2/share/cmake-3.18/Modules/CMakeCCompilerABI.c
Using built-in specs.
COLLECT_GCC=gcc
Target: x86_64-pc-linux-gnu
Configured with: ../configure --prefix=/glade/u/apps/ch/opt/gnu/10.1.0/ --enable-languages=c,c++,fortran,lto --enable-threads --disable-multilib
Thread model: posix
Supported LTO compression algorithms: zlib
gcc version 10.1.0 (GCC) 
COLLECT_GCC_OPTIONS='-v' '-o' 'CMakeFiles/cmTC_c4e2e.dir/CMakeCCompilerABI.c.o' '-c' '-I' '/glade/u/apps/ch/opt/gnu/10.1.0/include' '-I' '/glade/u/apps/ch/opt/netcdf/4.7.3/gnu/10.1.0/include' '-L/glade/u/apps/ch/opt/gnu/10.1.0/lib64' '-L/glade/u/apps/ch/opt/gnu/10.1.0/lib/gcc/x86_64-pc-linux-gnu/10.1.0' '-L/glade/u/apps/ch/opt/netcdf/4.7.3/gnu/10.1.0/lib' '-mtune=generic' '-march=x86-64'
 /glade/u/apps/ch/opt/gnu/10.1.0/libexec/gcc/x86_64-pc-linux-gnu/10.1.0/cc1 -quiet -v -I /glade/u/apps/ch/opt/gnu/10.1.0/include -I /glade/u/apps/ch/opt/netcdf/4.7.3/gnu/10.1.0/include /glade/u/apps/ch/opt/cmake/3.18.2/share/cmake-3.18/Modules/CMakeCCompilerABI.c -quiet -dumpbase CMakeCCompilerABI.c -mtune=generic -march=x86-64 -auxbase-strip CMakeFiles/cmTC_c4e2e.dir/CMakeCCompilerABI.c.o -version -o /glade/scratch/jframe/ccW0eGzN.s
GNU C17 (GCC) version 10.1.0 (x86_64-pc-linux-gnu)
	compiled by GNU C version 10.1.0, GMP version 6.1.0, MPFR version 3.1.4, MPC version 1.0.3, isl version none
GGC heuristics: --param ggc-min-expand=100 --param ggc-min-heapsize=131072
ignoring nonexistent directory "/glade/u/apps/ch/opt/gnu/10.1.0/lib/gcc/x86_64-pc-linux-gnu/10.1.0/../../../../x86_64-pc-linux-gnu/include"
ignoring duplicate directory "/glade/u/apps/ch/opt/gnu/10.1.0/include"
  as it is a non-system directory that duplicates a system directory
#include "..." search starts here:
#include <...> search starts here:
 /glade/u/apps/ch/opt/netcdf/4.7.3/gnu/10.1.0/include
 /glade/u/apps/ch/opt/mpt_fmods/2.22/gnu/10.1.0
 /glade/u/apps/ch/opt/mpt/2.22/include
 /glade/u/apps/ch/opt/gnu/10.1.0/lib/gcc/x86_64-pc-linux-gnu/10.1.0/include
 /usr/local/include
 /glade/u/apps/ch/opt/gnu/10.1.0/include
 /glade/u/apps/ch/opt/gnu/10.1.0/lib/gcc/x86_64-pc-linux-gnu/10.1.0/include-fixed
 /usr/include
End of search list.
GNU C17 (GCC) version 10.1.0 (x86_64-pc-linux-gnu)
	compiled by GNU C version 10.1.0, GMP version 6.1.0, MPFR version 3.1.4, MPC version 1.0.3, isl version none
GGC heuristics: --param ggc-min-expand=100 --param ggc-min-heapsize=131072
Compiler executable checksum: 31987f1a2d89ec753c1af720a08c63db
COLLECT_GCC_OPTIONS='-v' '-o' 'CMakeFiles/cmTC_c4e2e.dir/CMakeCCompilerABI.c.o' '-c' '-I' '/glade/u/apps/ch/opt/gnu/10.1.0/include' '-I' '/glade/u/apps/ch/opt/netcdf/4.7.3/gnu/10.1.0/include' '-L/glade/u/apps/ch/opt/gnu/10.1.0/lib64' '-L/glade/u/apps/ch/opt/gnu/10.1.0/lib/gcc/x86_64-pc-linux-gnu/10.1.0' '-L/glade/u/apps/ch/opt/netcdf/4.7.3/gnu/10.1.0/lib' '-mtune=generic' '-march=x86-64'
 as -v -I /glade/u/apps/ch/opt/gnu/10.1.0/include -I /glade/u/apps/ch/opt/netcdf/4.7.3/gnu/10.1.0/include --64 -o CMakeFiles/cmTC_c4e2e.dir/CMakeCCompilerABI.c.o /glade/scratch/jframe/ccW0eGzN.s
GNU assembler version 2.31.1 (x86_64-suse-linux) using BFD version (GNU Binutils; SUSE Linux Enterprise 12) 2.31.1.20180828-9.26
COMPILER_PATH=/glade/u/apps/ch/opt/gnu/10.1.0/libexec/gcc/x86_64-pc-linux-gnu/10.1.0/:/glade/u/apps/ch/opt/gnu/10.1.0/libexec/gcc/x86_64-pc-linux-gnu/10.1.0/:/glade/u/apps/ch/opt/gnu/10.1.0/libexec/gcc/x86_64-pc-linux-gnu/:/glade/u/apps/ch/opt/gnu/10.1.0/lib/gcc/x86_64-pc-linux-gnu/10.1.0/:/glade/u/apps/ch/opt/gnu/10.1.0/lib/gcc/x86_64-pc-linux-gnu/
LIBRARY_PATH=/glade/u/apps/ch/opt/gnu/10.1.0/lib/gcc/x86_64-pc-linux-gnu/10.1.0/:/glade/u/apps/ch/opt/gnu/10.1.0/lib/gcc/x86_64-pc-linux-gnu/10.1.0/../../../../lib64/:/lib/../lib64/:/usr/lib/../lib64/:/glade/u/apps/ch/opt/mpt/2.22/lib/:/glade/u/apps/ch/opt/gnu/10.1.0/lib/gcc/x86_64-pc-linux-gnu/10.1.0/../../../:/lib/:/usr/lib/
COLLECT_GCC_OPTIONS='-v' '-o' 'CMakeFiles/cmTC_c4e2e.dir/CMakeCCompilerABI.c.o' '-c' '-I' '/glade/u/apps/ch/opt/gnu/10.1.0/include' '-I' '/glade/u/apps/ch/opt/netcdf/4.7.3/gnu/10.1.0/include' '-L/glade/u/apps/ch/opt/gnu/10.1.0/lib64' '-L/glade/u/apps/ch/opt/gnu/10.1.0/lib/gcc/x86_64-pc-linux-gnu/10.1.0' '-L/glade/u/apps/ch/opt/netcdf/4.7.3/gnu/10.1.0/lib' '-mtune=generic' '-march=x86-64'
Linking C executable cmTC_c4e2e
/glade/u/apps/ch/opt/cmake/3.18.2/bin/cmake -E cmake_link_script CMakeFiles/cmTC_c4e2e.dir/link.txt --verbose=1
/glade/u/apps/ch/opt/ncarcompilers/0.5.0/gnu/10.1.0/gcc  -v CMakeFiles/cmTC_c4e2e.dir/CMakeCCompilerABI.c.o -o cmTC_c4e2e 
Using built-in specs.
COLLECT_GCC=gcc
COLLECT_LTO_WRAPPER=/glade/u/apps/ch/opt/gnu/10.1.0/libexec/gcc/x86_64-pc-linux-gnu/10.1.0/lto-wrapper
Target: x86_64-pc-linux-gnu
Configured with: ../configure --prefix=/glade/u/apps/ch/opt/gnu/10.1.0/ --enable-languages=c,c++,fortran,lto --enable-threads --disable-multilib
Thread model: posix
Supported LTO compression algorithms: zlib
gcc version 10.1.0 (GCC) 
COMPILER_PATH=/glade/u/apps/ch/opt/gnu/10.1.0/libexec/gcc/x86_64-pc-linux-gnu/10.1.0/:/glade/u/apps/ch/opt/gnu/10.1.0/libexec/gcc/x86_64-pc-linux-gnu/10.1.0/:/glade/u/apps/ch/opt/gnu/10.1.0/libexec/gcc/x86_64-pc-linux-gnu/:/glade/u/apps/ch/opt/gnu/10.1.0/lib/gcc/x86_64-pc-linux-gnu/10.1.0/:/glade/u/apps/ch/opt/gnu/10.1.0/lib/gcc/x86_64-pc-linux-gnu/
LIBRARY_PATH=/glade/u/apps/ch/opt/gnu/10.1.0/lib/gcc/x86_64-pc-linux-gnu/10.1.0/:/glade/u/apps/ch/opt/gnu/10.1.0/lib/gcc/x86_64-pc-linux-gnu/10.1.0/../../../../lib64/:/lib/../lib64/:/usr/lib/../lib64/:/glade/u/apps/ch/opt/mpt/2.22/lib/:/glade/u/apps/ch/opt/gnu/10.1.0/lib/gcc/x86_64-pc-linux-gnu/10.1.0/../../../:/lib/:/usr/lib/
COLLECT_GCC_OPTIONS='-v' '-o' 'cmTC_c4e2e' '-I' '/glade/u/apps/ch/opt/gnu/10.1.0/include' '-I' '/glade/u/apps/ch/opt/netcdf/4.7.3/gnu/10.1.0/include' '-L/glade/u/apps/ch/opt/gnu/10.1.0/lib64' '-L/glade/u/apps/ch/opt/gnu/10.1.0/lib/gcc/x86_64-pc-linux-gnu/10.1.0' '-L/glade/u/apps/ch/opt/netcdf/4.7.3/gnu/10.1.0/lib' '-mtune=generic' '-march=x86-64'
 /glade/u/apps/ch/opt/gnu/10.1.0/libexec/gcc/x86_64-pc-linux-gnu/10.1.0/collect2 -plugin /glade/u/apps/ch/opt/gnu/10.1.0/libexec/gcc/x86_64-pc-linux-gnu/10.1.0/liblto_plugin.so -plugin-opt=/glade/u/apps/ch/opt/gnu/10.1.0/libexec/gcc/x86_64-pc-linux-gnu/10.1.0/lto-wrapper -plugin-opt=-fresolution=/glade/scratch/jframe/ccWTyDOS.res -plugin-opt=-pass-through=-lgcc -plugin-opt=-pass-through=-lgcc_s -plugin-opt=-pass-through=-lc -plugin-opt=-pass-through=-lgcc -plugin-opt=-pass-through=-lgcc_s --eh-frame-hdr -m elf_x86_64 -dynamic-linker /lib64/ld-linux-x86-64.so.2 -o cmTC_c4e2e /usr/lib/../lib64/crt1.o /usr/lib/../lib64/crti.o /glade/u/apps/ch/opt/gnu/10.1.0/lib/gcc/x86_64-pc-linux-gnu/10.1.0/crtbegin.o -L/glade/u/apps/ch/opt/gnu/10.1.0/lib64 -L/glade/u/apps/ch/opt/gnu/10.1.0/lib/gcc/x86_64-pc-linux-gnu/10.1.0 -L/glade/u/apps/ch/opt/netcdf/4.7.3/gnu/10.1.0/lib -L/glade/u/apps/ch/opt/gnu/10.1.0/lib/gcc/x86_64-pc-linux-gnu/10.1.0 -L/glade/u/apps/ch/opt/gnu/10.1.0/lib/gcc/x86_64-pc-linux-gnu/10.1.0/../../../../lib64 -L/lib/../lib64 -L/usr/lib/../lib64 -L/glade/u/apps/ch/opt/mpt/2.22/lib -L/glade/u/apps/ch/opt/gnu/10.1.0/lib/gcc/x86_64-pc-linux-gnu/10.1.0/../../.. CMakeFiles/cmTC_c4e2e.dir/CMakeCCompilerABI.c.o -Bstatic -lnetcdff -lnetcdf -lhdf5hl_fortran -lhdf5_hl -lhdf5_fortran -lhdf5 -lsz -lz -Bdynamic -lm -ldl -lrt -ldl --disable-new-dtags -rpath /glade/u/apps/ch/opt/gnu/10.1.0/lib64 -rpath /glade/u/apps/ch/opt/gnu/10.1.0/lib/gcc/x86_64-pc-linux-gnu/10.1.0 -rpath /glade/u/apps/ch/opt/netcdf/4.7.3/gnu/10.1.0/lib -lgcc --push-state --as-needed -lgcc_s --pop-state -lc -lgcc --push-state --as-needed -lgcc_s --pop-state /glade/u/apps/ch/opt/gnu/10.1.0/lib/gcc/x86_64-pc-linux-gnu/10.1.0/crtend.o /usr/lib/../lib64/crtn.o
COLLECT_GCC_OPTIONS='-v' '-o' 'cmTC_c4e2e' '-I' '/glade/u/apps/ch/opt/gnu/10.1.0/include' '-I' '/glade/u/apps/ch/opt/netcdf/4.7.3/gnu/10.1.0/include' '-L/glade/u/apps/ch/opt/gnu/10.1.0/lib64' '-L/glade/u/apps/ch/opt/gnu/10.1.0/lib/gcc/x86_64-pc-linux-gnu/10.1.0' '-L/glade/u/apps/ch/opt/netcdf/4.7.3/gnu/10.1.0/lib' '-mtune=generic' '-march=x86-64'
gmake[1]: Leaving directory '/glade/scratch/jframe/nh-libtorch/build/CMakeFiles/CMakeTmp'



Parsed C implicit include dir info from above output: rv=done
  found start of include info
  found start of implicit include info
    add: [/glade/u/apps/ch/opt/netcdf/4.7.3/gnu/10.1.0/include]
    add: [/glade/u/apps/ch/opt/mpt_fmods/2.22/gnu/10.1.0]
    add: [/glade/u/apps/ch/opt/mpt/2.22/include]
    add: [/glade/u/apps/ch/opt/gnu/10.1.0/lib/gcc/x86_64-pc-linux-gnu/10.1.0/include]
    add: [/usr/local/include]
    add: [/glade/u/apps/ch/opt/gnu/10.1.0/include]
    add: [/glade/u/apps/ch/opt/gnu/10.1.0/lib/gcc/x86_64-pc-linux-gnu/10.1.0/include-fixed]
    add: [/usr/include]
  end of search list found
  collapse include dir [/glade/u/apps/ch/opt/netcdf/4.7.3/gnu/10.1.0/include] ==> [/glade/u/apps/ch/opt/netcdf/4.7.3/gnu/10.1.0/include]
  collapse include dir [/glade/u/apps/ch/opt/mpt_fmods/2.22/gnu/10.1.0] ==> [/glade/u/apps/ch/opt/mpt_fmods/2.22/gnu/10.1.0]
  collapse include dir [/glade/u/apps/ch/opt/mpt/2.22/include] ==> [/glade/u/apps/ch/opt/mpt/2.22/include]
  collapse include dir [/glade/u/apps/ch/opt/gnu/10.1.0/lib/gcc/x86_64-pc-linux-gnu/10.1.0/include] ==> [/glade/u/apps/ch/opt/gnu/10.1.0/lib/gcc/x86_64-pc-linux-gnu/10.1.0/include]
  collapse include dir [/usr/local/include] ==> [/usr/local/include]
  collapse include dir [/glade/u/apps/ch/opt/gnu/10.1.0/include] ==> [/glade/u/apps/ch/opt/gnu/10.1.0/include]
  collapse include dir [/glade/u/apps/ch/opt/gnu/10.1.0/lib/gcc/x86_64-pc-linux-gnu/10.1.0/include-fixed] ==> [/glade/u/apps/ch/opt/gnu/10.1.0/lib/gcc/x86_64-pc-linux-gnu/10.1.0/include-fixed]
  collapse include dir [/usr/include] ==> [/usr/include]
  implicit include dirs: [/glade/u/apps/ch/opt/netcdf/4.7.3/gnu/10.1.0/include;/glade/u/apps/ch/opt/mpt_fmods/2.22/gnu/10.1.0;/glade/u/apps/ch/opt/mpt/2.22/include;/glade/u/apps/ch/opt/gnu/10.1.0/lib/gcc/x86_64-pc-linux-gnu/10.1.0/include;/usr/local/include;/glade/u/apps/ch/opt/gnu/10.1.0/include;/glade/u/apps/ch/opt/gnu/10.1.0/lib/gcc/x86_64-pc-linux-gnu/10.1.0/include-fixed;/usr/include]


Parsed C implicit link information from above output:
  link line regex: [^( *|.*[/\])(ld|CMAKE_LINK_STARTFILE-NOTFOUND|([^/\]+-)?ld|collect2)[^/\]*( |$)]
  ignore line: [Change Dir: /glade/scratch/jframe/nh-libtorch/build/CMakeFiles/CMakeTmp]
  ignore line: []
  ignore line: [Run Build Command(s):/usr/bin/gmake cmTC_c4e2e/fast && /usr/bin/gmake  -f CMakeFiles/cmTC_c4e2e.dir/build.make CMakeFiles/cmTC_c4e2e.dir/build]
  ignore line: [gmake[1]: Entering directory '/glade/scratch/jframe/nh-libtorch/build/CMakeFiles/CMakeTmp']
  ignore line: [Building C object CMakeFiles/cmTC_c4e2e.dir/CMakeCCompilerABI.c.o]
  ignore line: [/glade/u/apps/ch/opt/ncarcompilers/0.5.0/gnu/10.1.0/gcc   -v -o CMakeFiles/cmTC_c4e2e.dir/CMakeCCompilerABI.c.o -c /glade/u/apps/ch/opt/cmake/3.18.2/share/cmake-3.18/Modules/CMakeCCompilerABI.c]
  ignore line: [Using built-in specs.]
  ignore line: [COLLECT_GCC=gcc]
  ignore line: [Target: x86_64-pc-linux-gnu]
  ignore line: [Configured with: ../configure --prefix=/glade/u/apps/ch/opt/gnu/10.1.0/ --enable-languages=c c++ fortran lto --enable-threads --disable-multilib]
  ignore line: [Thread model: posix]
  ignore line: [Supported LTO compression algorithms: zlib]
  ignore line: [gcc version 10.1.0 (GCC) ]
  ignore line: [COLLECT_GCC_OPTIONS='-v' '-o' 'CMakeFiles/cmTC_c4e2e.dir/CMakeCCompilerABI.c.o' '-c' '-I' '/glade/u/apps/ch/opt/gnu/10.1.0/include' '-I' '/glade/u/apps/ch/opt/netcdf/4.7.3/gnu/10.1.0/include' '-L/glade/u/apps/ch/opt/gnu/10.1.0/lib64' '-L/glade/u/apps/ch/opt/gnu/10.1.0/lib/gcc/x86_64-pc-linux-gnu/10.1.0' '-L/glade/u/apps/ch/opt/netcdf/4.7.3/gnu/10.1.0/lib' '-mtune=generic' '-march=x86-64']
  ignore line: [ /glade/u/apps/ch/opt/gnu/10.1.0/libexec/gcc/x86_64-pc-linux-gnu/10.1.0/cc1 -quiet -v -I /glade/u/apps/ch/opt/gnu/10.1.0/include -I /glade/u/apps/ch/opt/netcdf/4.7.3/gnu/10.1.0/include /glade/u/apps/ch/opt/cmake/3.18.2/share/cmake-3.18/Modules/CMakeCCompilerABI.c -quiet -dumpbase CMakeCCompilerABI.c -mtune=generic -march=x86-64 -auxbase-strip CMakeFiles/cmTC_c4e2e.dir/CMakeCCompilerABI.c.o -version -o /glade/scratch/jframe/ccW0eGzN.s]
  ignore line: [GNU C17 (GCC) version 10.1.0 (x86_64-pc-linux-gnu)]
  ignore line: [	compiled by GNU C version 10.1.0  GMP version 6.1.0  MPFR version 3.1.4  MPC version 1.0.3  isl version none]
  ignore line: [GGC heuristics: --param ggc-min-expand=100 --param ggc-min-heapsize=131072]
  ignore line: [ignoring nonexistent directory "/glade/u/apps/ch/opt/gnu/10.1.0/lib/gcc/x86_64-pc-linux-gnu/10.1.0/../../../../x86_64-pc-linux-gnu/include"]
  ignore line: [ignoring duplicate directory "/glade/u/apps/ch/opt/gnu/10.1.0/include"]
  ignore line: [  as it is a non-system directory that duplicates a system directory]
  ignore line: [#include "..." search starts here:]
  ignore line: [#include <...> search starts here:]
  ignore line: [ /glade/u/apps/ch/opt/netcdf/4.7.3/gnu/10.1.0/include]
  ignore line: [ /glade/u/apps/ch/opt/mpt_fmods/2.22/gnu/10.1.0]
  ignore line: [ /glade/u/apps/ch/opt/mpt/2.22/include]
  ignore line: [ /glade/u/apps/ch/opt/gnu/10.1.0/lib/gcc/x86_64-pc-linux-gnu/10.1.0/include]
  ignore line: [ /usr/local/include]
  ignore line: [ /glade/u/apps/ch/opt/gnu/10.1.0/include]
  ignore line: [ /glade/u/apps/ch/opt/gnu/10.1.0/lib/gcc/x86_64-pc-linux-gnu/10.1.0/include-fixed]
  ignore line: [ /usr/include]
  ignore line: [End of search list.]
  ignore line: [GNU C17 (GCC) version 10.1.0 (x86_64-pc-linux-gnu)]
  ignore line: [	compiled by GNU C version 10.1.0  GMP version 6.1.0  MPFR version 3.1.4  MPC version 1.0.3  isl version none]
  ignore line: [GGC heuristics: --param ggc-min-expand=100 --param ggc-min-heapsize=131072]
  ignore line: [Compiler executable checksum: 31987f1a2d89ec753c1af720a08c63db]
  ignore line: [COLLECT_GCC_OPTIONS='-v' '-o' 'CMakeFiles/cmTC_c4e2e.dir/CMakeCCompilerABI.c.o' '-c' '-I' '/glade/u/apps/ch/opt/gnu/10.1.0/include' '-I' '/glade/u/apps/ch/opt/netcdf/4.7.3/gnu/10.1.0/include' '-L/glade/u/apps/ch/opt/gnu/10.1.0/lib64' '-L/glade/u/apps/ch/opt/gnu/10.1.0/lib/gcc/x86_64-pc-linux-gnu/10.1.0' '-L/glade/u/apps/ch/opt/netcdf/4.7.3/gnu/10.1.0/lib' '-mtune=generic' '-march=x86-64']
  ignore line: [ as -v -I /glade/u/apps/ch/opt/gnu/10.1.0/include -I /glade/u/apps/ch/opt/netcdf/4.7.3/gnu/10.1.0/include --64 -o CMakeFiles/cmTC_c4e2e.dir/CMakeCCompilerABI.c.o /glade/scratch/jframe/ccW0eGzN.s]
  ignore line: [GNU assembler version 2.31.1 (x86_64-suse-linux) using BFD version (GNU Binutils]
  ignore line: [ SUSE Linux Enterprise 12) 2.31.1.20180828-9.26]
  ignore line: [COMPILER_PATH=/glade/u/apps/ch/opt/gnu/10.1.0/libexec/gcc/x86_64-pc-linux-gnu/10.1.0/:/glade/u/apps/ch/opt/gnu/10.1.0/libexec/gcc/x86_64-pc-linux-gnu/10.1.0/:/glade/u/apps/ch/opt/gnu/10.1.0/libexec/gcc/x86_64-pc-linux-gnu/:/glade/u/apps/ch/opt/gnu/10.1.0/lib/gcc/x86_64-pc-linux-gnu/10.1.0/:/glade/u/apps/ch/opt/gnu/10.1.0/lib/gcc/x86_64-pc-linux-gnu/]
  ignore line: [LIBRARY_PATH=/glade/u/apps/ch/opt/gnu/10.1.0/lib/gcc/x86_64-pc-linux-gnu/10.1.0/:/glade/u/apps/ch/opt/gnu/10.1.0/lib/gcc/x86_64-pc-linux-gnu/10.1.0/../../../../lib64/:/lib/../lib64/:/usr/lib/../lib64/:/glade/u/apps/ch/opt/mpt/2.22/lib/:/glade/u/apps/ch/opt/gnu/10.1.0/lib/gcc/x86_64-pc-linux-gnu/10.1.0/../../../:/lib/:/usr/lib/]
  ignore line: [COLLECT_GCC_OPTIONS='-v' '-o' 'CMakeFiles/cmTC_c4e2e.dir/CMakeCCompilerABI.c.o' '-c' '-I' '/glade/u/apps/ch/opt/gnu/10.1.0/include' '-I' '/glade/u/apps/ch/opt/netcdf/4.7.3/gnu/10.1.0/include' '-L/glade/u/apps/ch/opt/gnu/10.1.0/lib64' '-L/glade/u/apps/ch/opt/gnu/10.1.0/lib/gcc/x86_64-pc-linux-gnu/10.1.0' '-L/glade/u/apps/ch/opt/netcdf/4.7.3/gnu/10.1.0/lib' '-mtune=generic' '-march=x86-64']
  ignore line: [Linking C executable cmTC_c4e2e]
  ignore line: [/glade/u/apps/ch/opt/cmake/3.18.2/bin/cmake -E cmake_link_script CMakeFiles/cmTC_c4e2e.dir/link.txt --verbose=1]
  ignore line: [/glade/u/apps/ch/opt/ncarcompilers/0.5.0/gnu/10.1.0/gcc  -v CMakeFiles/cmTC_c4e2e.dir/CMakeCCompilerABI.c.o -o cmTC_c4e2e ]
  ignore line: [Using built-in specs.]
  ignore line: [COLLECT_GCC=gcc]
  ignore line: [COLLECT_LTO_WRAPPER=/glade/u/apps/ch/opt/gnu/10.1.0/libexec/gcc/x86_64-pc-linux-gnu/10.1.0/lto-wrapper]
  ignore line: [Target: x86_64-pc-linux-gnu]
  ignore line: [Configured with: ../configure --prefix=/glade/u/apps/ch/opt/gnu/10.1.0/ --enable-languages=c c++ fortran lto --enable-threads --disable-multilib]
  ignore line: [Thread model: posix]
  ignore line: [Supported LTO compression algorithms: zlib]
  ignore line: [gcc version 10.1.0 (GCC) ]
  ignore line: [COMPILER_PATH=/glade/u/apps/ch/opt/gnu/10.1.0/libexec/gcc/x86_64-pc-linux-gnu/10.1.0/:/glade/u/apps/ch/opt/gnu/10.1.0/libexec/gcc/x86_64-pc-linux-gnu/10.1.0/:/glade/u/apps/ch/opt/gnu/10.1.0/libexec/gcc/x86_64-pc-linux-gnu/:/glade/u/apps/ch/opt/gnu/10.1.0/lib/gcc/x86_64-pc-linux-gnu/10.1.0/:/glade/u/apps/ch/opt/gnu/10.1.0/lib/gcc/x86_64-pc-linux-gnu/]
  ignore line: [LIBRARY_PATH=/glade/u/apps/ch/opt/gnu/10.1.0/lib/gcc/x86_64-pc-linux-gnu/10.1.0/:/glade/u/apps/ch/opt/gnu/10.1.0/lib/gcc/x86_64-pc-linux-gnu/10.1.0/../../../../lib64/:/lib/../lib64/:/usr/lib/../lib64/:/glade/u/apps/ch/opt/mpt/2.22/lib/:/glade/u/apps/ch/opt/gnu/10.1.0/lib/gcc/x86_64-pc-linux-gnu/10.1.0/../../../:/lib/:/usr/lib/]
  ignore line: [COLLECT_GCC_OPTIONS='-v' '-o' 'cmTC_c4e2e' '-I' '/glade/u/apps/ch/opt/gnu/10.1.0/include' '-I' '/glade/u/apps/ch/opt/netcdf/4.7.3/gnu/10.1.0/include' '-L/glade/u/apps/ch/opt/gnu/10.1.0/lib64' '-L/glade/u/apps/ch/opt/gnu/10.1.0/lib/gcc/x86_64-pc-linux-gnu/10.1.0' '-L/glade/u/apps/ch/opt/netcdf/4.7.3/gnu/10.1.0/lib' '-mtune=generic' '-march=x86-64']
  link line: [ /glade/u/apps/ch/opt/gnu/10.1.0/libexec/gcc/x86_64-pc-linux-gnu/10.1.0/collect2 -plugin /glade/u/apps/ch/opt/gnu/10.1.0/libexec/gcc/x86_64-pc-linux-gnu/10.1.0/liblto_plugin.so -plugin-opt=/glade/u/apps/ch/opt/gnu/10.1.0/libexec/gcc/x86_64-pc-linux-gnu/10.1.0/lto-wrapper -plugin-opt=-fresolution=/glade/scratch/jframe/ccWTyDOS.res -plugin-opt=-pass-through=-lgcc -plugin-opt=-pass-through=-lgcc_s -plugin-opt=-pass-through=-lc -plugin-opt=-pass-through=-lgcc -plugin-opt=-pass-through=-lgcc_s --eh-frame-hdr -m elf_x86_64 -dynamic-linker /lib64/ld-linux-x86-64.so.2 -o cmTC_c4e2e /usr/lib/../lib64/crt1.o /usr/lib/../lib64/crti.o /glade/u/apps/ch/opt/gnu/10.1.0/lib/gcc/x86_64-pc-linux-gnu/10.1.0/crtbegin.o -L/glade/u/apps/ch/opt/gnu/10.1.0/lib64 -L/glade/u/apps/ch/opt/gnu/10.1.0/lib/gcc/x86_64-pc-linux-gnu/10.1.0 -L/glade/u/apps/ch/opt/netcdf/4.7.3/gnu/10.1.0/lib -L/glade/u/apps/ch/opt/gnu/10.1.0/lib/gcc/x86_64-pc-linux-gnu/10.1.0 -L/glade/u/apps/ch/opt/gnu/10.1.0/lib/gcc/x86_64-pc-linux-gnu/10.1.0/../../../../lib64 -L/lib/../lib64 -L/usr/lib/../lib64 -L/glade/u/apps/ch/opt/mpt/2.22/lib -L/glade/u/apps/ch/opt/gnu/10.1.0/lib/gcc/x86_64-pc-linux-gnu/10.1.0/../../.. CMakeFiles/cmTC_c4e2e.dir/CMakeCCompilerABI.c.o -Bstatic -lnetcdff -lnetcdf -lhdf5hl_fortran -lhdf5_hl -lhdf5_fortran -lhdf5 -lsz -lz -Bdynamic -lm -ldl -lrt -ldl --disable-new-dtags -rpath /glade/u/apps/ch/opt/gnu/10.1.0/lib64 -rpath /glade/u/apps/ch/opt/gnu/10.1.0/lib/gcc/x86_64-pc-linux-gnu/10.1.0 -rpath /glade/u/apps/ch/opt/netcdf/4.7.3/gnu/10.1.0/lib -lgcc --push-state --as-needed -lgcc_s --pop-state -lc -lgcc --push-state --as-needed -lgcc_s --pop-state /glade/u/apps/ch/opt/gnu/10.1.0/lib/gcc/x86_64-pc-linux-gnu/10.1.0/crtend.o /usr/lib/../lib64/crtn.o]
    arg [/glade/u/apps/ch/opt/gnu/10.1.0/libexec/gcc/x86_64-pc-linux-gnu/10.1.0/collect2] ==> ignore
    arg [-plugin] ==> ignore
    arg [/glade/u/apps/ch/opt/gnu/10.1.0/libexec/gcc/x86_64-pc-linux-gnu/10.1.0/liblto_plugin.so] ==> ignore
    arg [-plugin-opt=/glade/u/apps/ch/opt/gnu/10.1.0/libexec/gcc/x86_64-pc-linux-gnu/10.1.0/lto-wrapper] ==> ignore
    arg [-plugin-opt=-fresolution=/glade/scratch/jframe/ccWTyDOS.res] ==> ignore
    arg [-plugin-opt=-pass-through=-lgcc] ==> ignore
    arg [-plugin-opt=-pass-through=-lgcc_s] ==> ignore
    arg [-plugin-opt=-pass-through=-lc] ==> ignore
    arg [-plugin-opt=-pass-through=-lgcc] ==> ignore
    arg [-plugin-opt=-pass-through=-lgcc_s] ==> ignore
    arg [--eh-frame-hdr] ==> ignore
    arg [-m] ==> ignore
    arg [elf_x86_64] ==> ignore
    arg [-dynamic-linker] ==> ignore
    arg [/lib64/ld-linux-x86-64.so.2] ==> ignore
    arg [-o] ==> ignore
    arg [cmTC_c4e2e] ==> ignore
    arg [/usr/lib/../lib64/crt1.o] ==> ignore
    arg [/usr/lib/../lib64/crti.o] ==> ignore
    arg [/glade/u/apps/ch/opt/gnu/10.1.0/lib/gcc/x86_64-pc-linux-gnu/10.1.0/crtbegin.o] ==> ignore
    arg [-L/glade/u/apps/ch/opt/gnu/10.1.0/lib64] ==> dir [/glade/u/apps/ch/opt/gnu/10.1.0/lib64]
    arg [-L/glade/u/apps/ch/opt/gnu/10.1.0/lib/gcc/x86_64-pc-linux-gnu/10.1.0] ==> dir [/glade/u/apps/ch/opt/gnu/10.1.0/lib/gcc/x86_64-pc-linux-gnu/10.1.0]
    arg [-L/glade/u/apps/ch/opt/netcdf/4.7.3/gnu/10.1.0/lib] ==> dir [/glade/u/apps/ch/opt/netcdf/4.7.3/gnu/10.1.0/lib]
    arg [-L/glade/u/apps/ch/opt/gnu/10.1.0/lib/gcc/x86_64-pc-linux-gnu/10.1.0] ==> dir [/glade/u/apps/ch/opt/gnu/10.1.0/lib/gcc/x86_64-pc-linux-gnu/10.1.0]
    arg [-L/glade/u/apps/ch/opt/gnu/10.1.0/lib/gcc/x86_64-pc-linux-gnu/10.1.0/../../../../lib64] ==> dir [/glade/u/apps/ch/opt/gnu/10.1.0/lib/gcc/x86_64-pc-linux-gnu/10.1.0/../../../../lib64]
    arg [-L/lib/../lib64] ==> dir [/lib/../lib64]
    arg [-L/usr/lib/../lib64] ==> dir [/usr/lib/../lib64]
    arg [-L/glade/u/apps/ch/opt/mpt/2.22/lib] ==> dir [/glade/u/apps/ch/opt/mpt/2.22/lib]
    arg [-L/glade/u/apps/ch/opt/gnu/10.1.0/lib/gcc/x86_64-pc-linux-gnu/10.1.0/../../..] ==> dir [/glade/u/apps/ch/opt/gnu/10.1.0/lib/gcc/x86_64-pc-linux-gnu/10.1.0/../../..]
    arg [CMakeFiles/cmTC_c4e2e.dir/CMakeCCompilerABI.c.o] ==> ignore
    arg [-Bstatic] ==> ignore
    arg [-lnetcdff] ==> lib [netcdff]
    arg [-lnetcdf] ==> lib [netcdf]
    arg [-lhdf5hl_fortran] ==> lib [hdf5hl_fortran]
    arg [-lhdf5_hl] ==> lib [hdf5_hl]
    arg [-lhdf5_fortran] ==> lib [hdf5_fortran]
    arg [-lhdf5] ==> lib [hdf5]
    arg [-lsz] ==> lib [sz]
    arg [-lz] ==> lib [z]
    arg [-Bdynamic] ==> ignore
    arg [-lm] ==> lib [m]
    arg [-ldl] ==> lib [dl]
    arg [-lrt] ==> lib [rt]
    arg [-ldl] ==> lib [dl]
    arg [--disable-new-dtags] ==> ignore
    arg [-rpath] ==> ignore
    arg [/glade/u/apps/ch/opt/gnu/10.1.0/lib64] ==> ignore
    arg [-rpath] ==> ignore
    arg [/glade/u/apps/ch/opt/gnu/10.1.0/lib/gcc/x86_64-pc-linux-gnu/10.1.0] ==> ignore
    arg [-rpath] ==> ignore
    arg [/glade/u/apps/ch/opt/netcdf/4.7.3/gnu/10.1.0/lib] ==> ignore
    arg [-lgcc] ==> lib [gcc]
    arg [--push-state] ==> ignore
    arg [--as-needed] ==> ignore
    arg [-lgcc_s] ==> lib [gcc_s]
    arg [--pop-state] ==> ignore
    arg [-lc] ==> lib [c]
    arg [-lgcc] ==> lib [gcc]
    arg [--push-state] ==> ignore
    arg [--as-needed] ==> ignore
    arg [-lgcc_s] ==> lib [gcc_s]
    arg [--pop-state] ==> ignore
    arg [/glade/u/apps/ch/opt/gnu/10.1.0/lib/gcc/x86_64-pc-linux-gnu/10.1.0/crtend.o] ==> ignore
    arg [/usr/lib/../lib64/crtn.o] ==> ignore
  collapse library dir [/glade/u/apps/ch/opt/gnu/10.1.0/lib64] ==> [/glade/u/apps/ch/opt/gnu/10.1.0/lib64]
  collapse library dir [/glade/u/apps/ch/opt/gnu/10.1.0/lib/gcc/x86_64-pc-linux-gnu/10.1.0] ==> [/glade/u/apps/ch/opt/gnu/10.1.0/lib/gcc/x86_64-pc-linux-gnu/10.1.0]
  collapse library dir [/glade/u/apps/ch/opt/netcdf/4.7.3/gnu/10.1.0/lib] ==> [/glade/u/apps/ch/opt/netcdf/4.7.3/gnu/10.1.0/lib]
  collapse library dir [/glade/u/apps/ch/opt/gnu/10.1.0/lib/gcc/x86_64-pc-linux-gnu/10.1.0] ==> [/glade/u/apps/ch/opt/gnu/10.1.0/lib/gcc/x86_64-pc-linux-gnu/10.1.0]
  collapse library dir [/glade/u/apps/ch/opt/gnu/10.1.0/lib/gcc/x86_64-pc-linux-gnu/10.1.0/../../../../lib64] ==> [/glade/u/apps/ch/opt/gnu/10.1.0/lib64]
  collapse library dir [/lib/../lib64] ==> [/lib64]
  collapse library dir [/usr/lib/../lib64] ==> [/usr/lib64]
  collapse library dir [/glade/u/apps/ch/opt/mpt/2.22/lib] ==> [/glade/u/apps/ch/opt/mpt/2.22/lib]
  collapse library dir [/glade/u/apps/ch/opt/gnu/10.1.0/lib/gcc/x86_64-pc-linux-gnu/10.1.0/../../..] ==> [/glade/u/apps/ch/opt/gnu/10.1.0/lib]
  implicit libs: [netcdff;netcdf;hdf5hl_fortran;hdf5_hl;hdf5_fortran;hdf5;sz;z;m;dl;rt;dl;gcc;gcc_s;c;gcc;gcc_s]
  implicit dirs: [/glade/u/apps/ch/opt/gnu/10.1.0/lib64;/glade/u/apps/ch/opt/gnu/10.1.0/lib/gcc/x86_64-pc-linux-gnu/10.1.0;/glade/u/apps/ch/opt/netcdf/4.7.3/gnu/10.1.0/lib;/lib64;/usr/lib64;/glade/u/apps/ch/opt/mpt/2.22/lib;/glade/u/apps/ch/opt/gnu/10.1.0/lib]
  implicit fwks: []


Detecting CXX compiler ABI info compiled with the following output:
Change Dir: /glade/scratch/jframe/nh-libtorch/build/CMakeFiles/CMakeTmp

Run Build Command(s):/usr/bin/gmake cmTC_cc741/fast && /usr/bin/gmake  -f CMakeFiles/cmTC_cc741.dir/build.make CMakeFiles/cmTC_cc741.dir/build
gmake[1]: Entering directory '/glade/scratch/jframe/nh-libtorch/build/CMakeFiles/CMakeTmp'
Building CXX object CMakeFiles/cmTC_cc741.dir/CMakeCXXCompilerABI.cpp.o
/glade/u/apps/ch/opt/ncarcompilers/0.5.0/gnu/10.1.0/g++   -v -o CMakeFiles/cmTC_cc741.dir/CMakeCXXCompilerABI.cpp.o -c /glade/u/apps/ch/opt/cmake/3.18.2/share/cmake-3.18/Modules/CMakeCXXCompilerABI.cpp
Using built-in specs.
COLLECT_GCC=g++
Target: x86_64-pc-linux-gnu
Configured with: ../configure --prefix=/glade/u/apps/ch/opt/gnu/10.1.0/ --enable-languages=c,c++,fortran,lto --enable-threads --disable-multilib
Thread model: posix
Supported LTO compression algorithms: zlib
gcc version 10.1.0 (GCC) 
COLLECT_GCC_OPTIONS='-v' '-o' 'CMakeFiles/cmTC_cc741.dir/CMakeCXXCompilerABI.cpp.o' '-c' '-I' '/glade/u/apps/ch/opt/gnu/10.1.0/include' '-I' '/glade/u/apps/ch/opt/netcdf/4.7.3/gnu/10.1.0/include' '-L/glade/u/apps/ch/opt/gnu/10.1.0/lib64' '-L/glade/u/apps/ch/opt/gnu/10.1.0/lib/gcc/x86_64-pc-linux-gnu/10.1.0' '-L/glade/u/apps/ch/opt/netcdf/4.7.3/gnu/10.1.0/lib' '-shared-libgcc' '-mtune=generic' '-march=x86-64'
 /glade/u/apps/ch/opt/gnu/10.1.0/libexec/gcc/x86_64-pc-linux-gnu/10.1.0/cc1plus -quiet -v -I /glade/u/apps/ch/opt/gnu/10.1.0/include -I /glade/u/apps/ch/opt/netcdf/4.7.3/gnu/10.1.0/include -D_GNU_SOURCE /glade/u/apps/ch/opt/cmake/3.18.2/share/cmake-3.18/Modules/CMakeCXXCompilerABI.cpp -quiet -dumpbase CMakeCXXCompilerABI.cpp -mtune=generic -march=x86-64 -auxbase-strip CMakeFiles/cmTC_cc741.dir/CMakeCXXCompilerABI.cpp.o -version -o /glade/scratch/jframe/ccHw7Ax6.s
GNU C++14 (GCC) version 10.1.0 (x86_64-pc-linux-gnu)
	compiled by GNU C version 10.1.0, GMP version 6.1.0, MPFR version 3.1.4, MPC version 1.0.3, isl version none
GGC heuristics: --param ggc-min-expand=100 --param ggc-min-heapsize=131072
ignoring nonexistent directory "/glade/u/apps/ch/opt/gnu/10.1.0/lib/gcc/x86_64-pc-linux-gnu/10.1.0/../../../../x86_64-pc-linux-gnu/include"
ignoring duplicate directory "/glade/u/apps/ch/opt/gnu/10.1.0/include"
  as it is a non-system directory that duplicates a system directory
#include "..." search starts here:
#include <...> search starts here:
 /glade/u/apps/ch/opt/netcdf/4.7.3/gnu/10.1.0/include
 /glade/u/apps/ch/opt/mpt_fmods/2.22/gnu/10.1.0
 /glade/u/apps/ch/opt/mpt/2.22/include
 /glade/u/apps/ch/opt/gnu/10.1.0/lib/gcc/x86_64-pc-linux-gnu/10.1.0/../../../../include/c++/10.1.0
 /glade/u/apps/ch/opt/gnu/10.1.0/lib/gcc/x86_64-pc-linux-gnu/10.1.0/../../../../include/c++/10.1.0/x86_64-pc-linux-gnu
 /glade/u/apps/ch/opt/gnu/10.1.0/lib/gcc/x86_64-pc-linux-gnu/10.1.0/../../../../include/c++/10.1.0/backward
 /glade/u/apps/ch/opt/gnu/10.1.0/lib/gcc/x86_64-pc-linux-gnu/10.1.0/include
 /usr/local/include
 /glade/u/apps/ch/opt/gnu/10.1.0/include
 /glade/u/apps/ch/opt/gnu/10.1.0/lib/gcc/x86_64-pc-linux-gnu/10.1.0/include-fixed
 /usr/include
End of search list.
GNU C++14 (GCC) version 10.1.0 (x86_64-pc-linux-gnu)
	compiled by GNU C version 10.1.0, GMP version 6.1.0, MPFR version 3.1.4, MPC version 1.0.3, isl version none
GGC heuristics: --param ggc-min-expand=100 --param ggc-min-heapsize=131072
Compiler executable checksum: ec9cecbe71908ecbced0e753424bd256
COLLECT_GCC_OPTIONS='-v' '-o' 'CMakeFiles/cmTC_cc741.dir/CMakeCXXCompilerABI.cpp.o' '-c' '-I' '/glade/u/apps/ch/opt/gnu/10.1.0/include' '-I' '/glade/u/apps/ch/opt/netcdf/4.7.3/gnu/10.1.0/include' '-L/glade/u/apps/ch/opt/gnu/10.1.0/lib64' '-L/glade/u/apps/ch/opt/gnu/10.1.0/lib/gcc/x86_64-pc-linux-gnu/10.1.0' '-L/glade/u/apps/ch/opt/netcdf/4.7.3/gnu/10.1.0/lib' '-shared-libgcc' '-mtune=generic' '-march=x86-64'
 as -v -I /glade/u/apps/ch/opt/gnu/10.1.0/include -I /glade/u/apps/ch/opt/netcdf/4.7.3/gnu/10.1.0/include --64 -o CMakeFiles/cmTC_cc741.dir/CMakeCXXCompilerABI.cpp.o /glade/scratch/jframe/ccHw7Ax6.s
GNU assembler version 2.31.1 (x86_64-suse-linux) using BFD version (GNU Binutils; SUSE Linux Enterprise 12) 2.31.1.20180828-9.26
COMPILER_PATH=/glade/u/apps/ch/opt/gnu/10.1.0/libexec/gcc/x86_64-pc-linux-gnu/10.1.0/:/glade/u/apps/ch/opt/gnu/10.1.0/libexec/gcc/x86_64-pc-linux-gnu/10.1.0/:/glade/u/apps/ch/opt/gnu/10.1.0/libexec/gcc/x86_64-pc-linux-gnu/:/glade/u/apps/ch/opt/gnu/10.1.0/lib/gcc/x86_64-pc-linux-gnu/10.1.0/:/glade/u/apps/ch/opt/gnu/10.1.0/lib/gcc/x86_64-pc-linux-gnu/
LIBRARY_PATH=/glade/u/apps/ch/opt/gnu/10.1.0/lib/gcc/x86_64-pc-linux-gnu/10.1.0/:/glade/u/apps/ch/opt/gnu/10.1.0/lib/gcc/x86_64-pc-linux-gnu/10.1.0/../../../../lib64/:/lib/../lib64/:/usr/lib/../lib64/:/glade/u/apps/ch/opt/mpt/2.22/lib/:/glade/u/apps/ch/opt/gnu/10.1.0/lib/gcc/x86_64-pc-linux-gnu/10.1.0/../../../:/lib/:/usr/lib/
COLLECT_GCC_OPTIONS='-v' '-o' 'CMakeFiles/cmTC_cc741.dir/CMakeCXXCompilerABI.cpp.o' '-c' '-I' '/glade/u/apps/ch/opt/gnu/10.1.0/include' '-I' '/glade/u/apps/ch/opt/netcdf/4.7.3/gnu/10.1.0/include' '-L/glade/u/apps/ch/opt/gnu/10.1.0/lib64' '-L/glade/u/apps/ch/opt/gnu/10.1.0/lib/gcc/x86_64-pc-linux-gnu/10.1.0' '-L/glade/u/apps/ch/opt/netcdf/4.7.3/gnu/10.1.0/lib' '-shared-libgcc' '-mtune=generic' '-march=x86-64'
Linking CXX executable cmTC_cc741
/glade/u/apps/ch/opt/cmake/3.18.2/bin/cmake -E cmake_link_script CMakeFiles/cmTC_cc741.dir/link.txt --verbose=1
/glade/u/apps/ch/opt/ncarcompilers/0.5.0/gnu/10.1.0/g++  -v CMakeFiles/cmTC_cc741.dir/CMakeCXXCompilerABI.cpp.o -o cmTC_cc741 
Using built-in specs.
COLLECT_GCC=g++
COLLECT_LTO_WRAPPER=/glade/u/apps/ch/opt/gnu/10.1.0/libexec/gcc/x86_64-pc-linux-gnu/10.1.0/lto-wrapper
Target: x86_64-pc-linux-gnu
Configured with: ../configure --prefix=/glade/u/apps/ch/opt/gnu/10.1.0/ --enable-languages=c,c++,fortran,lto --enable-threads --disable-multilib
Thread model: posix
Supported LTO compression algorithms: zlib
gcc version 10.1.0 (GCC) 
COMPILER_PATH=/glade/u/apps/ch/opt/gnu/10.1.0/libexec/gcc/x86_64-pc-linux-gnu/10.1.0/:/glade/u/apps/ch/opt/gnu/10.1.0/libexec/gcc/x86_64-pc-linux-gnu/10.1.0/:/glade/u/apps/ch/opt/gnu/10.1.0/libexec/gcc/x86_64-pc-linux-gnu/:/glade/u/apps/ch/opt/gnu/10.1.0/lib/gcc/x86_64-pc-linux-gnu/10.1.0/:/glade/u/apps/ch/opt/gnu/10.1.0/lib/gcc/x86_64-pc-linux-gnu/
LIBRARY_PATH=/glade/u/apps/ch/opt/gnu/10.1.0/lib/gcc/x86_64-pc-linux-gnu/10.1.0/:/glade/u/apps/ch/opt/gnu/10.1.0/lib/gcc/x86_64-pc-linux-gnu/10.1.0/../../../../lib64/:/lib/../lib64/:/usr/lib/../lib64/:/glade/u/apps/ch/opt/mpt/2.22/lib/:/glade/u/apps/ch/opt/gnu/10.1.0/lib/gcc/x86_64-pc-linux-gnu/10.1.0/../../../:/lib/:/usr/lib/
COLLECT_GCC_OPTIONS='-v' '-o' 'cmTC_cc741' '-I' '/glade/u/apps/ch/opt/gnu/10.1.0/include' '-I' '/glade/u/apps/ch/opt/netcdf/4.7.3/gnu/10.1.0/include' '-L/glade/u/apps/ch/opt/gnu/10.1.0/lib64' '-L/glade/u/apps/ch/opt/gnu/10.1.0/lib/gcc/x86_64-pc-linux-gnu/10.1.0' '-L/glade/u/apps/ch/opt/netcdf/4.7.3/gnu/10.1.0/lib' '-shared-libgcc' '-mtune=generic' '-march=x86-64'
 /glade/u/apps/ch/opt/gnu/10.1.0/libexec/gcc/x86_64-pc-linux-gnu/10.1.0/collect2 -plugin /glade/u/apps/ch/opt/gnu/10.1.0/libexec/gcc/x86_64-pc-linux-gnu/10.1.0/liblto_plugin.so -plugin-opt=/glade/u/apps/ch/opt/gnu/10.1.0/libexec/gcc/x86_64-pc-linux-gnu/10.1.0/lto-wrapper -plugin-opt=-fresolution=/glade/scratch/jframe/cc6MChy9.res -plugin-opt=-pass-through=-lgcc_s -plugin-opt=-pass-through=-lgcc -plugin-opt=-pass-through=-lc -plugin-opt=-pass-through=-lgcc_s -plugin-opt=-pass-through=-lgcc --eh-frame-hdr -m elf_x86_64 -dynamic-linker /lib64/ld-linux-x86-64.so.2 -o cmTC_cc741 /usr/lib/../lib64/crt1.o /usr/lib/../lib64/crti.o /glade/u/apps/ch/opt/gnu/10.1.0/lib/gcc/x86_64-pc-linux-gnu/10.1.0/crtbegin.o -L/glade/u/apps/ch/opt/gnu/10.1.0/lib64 -L/glade/u/apps/ch/opt/gnu/10.1.0/lib/gcc/x86_64-pc-linux-gnu/10.1.0 -L/glade/u/apps/ch/opt/netcdf/4.7.3/gnu/10.1.0/lib -L/glade/u/apps/ch/opt/gnu/10.1.0/lib/gcc/x86_64-pc-linux-gnu/10.1.0 -L/glade/u/apps/ch/opt/gnu/10.1.0/lib/gcc/x86_64-pc-linux-gnu/10.1.0/../../../../lib64 -L/lib/../lib64 -L/usr/lib/../lib64 -L/glade/u/apps/ch/opt/mpt/2.22/lib -L/glade/u/apps/ch/opt/gnu/10.1.0/lib/gcc/x86_64-pc-linux-gnu/10.1.0/../../.. CMakeFiles/cmTC_cc741.dir/CMakeCXXCompilerABI.cpp.o -Bstatic -lnetcdff -lnetcdf -lhdf5hl_fortran -lhdf5_hl -lhdf5_fortran -lhdf5 -lsz -lz -Bdynamic -ldl -lrt -ldl --disable-new-dtags -rpath /glade/u/apps/ch/opt/gnu/10.1.0/lib64 -rpath /glade/u/apps/ch/opt/gnu/10.1.0/lib/gcc/x86_64-pc-linux-gnu/10.1.0 -rpath /glade/u/apps/ch/opt/netcdf/4.7.3/gnu/10.1.0/lib -lstdc++ -lm -lgcc_s -lgcc -lc -lgcc_s -lgcc /glade/u/apps/ch/opt/gnu/10.1.0/lib/gcc/x86_64-pc-linux-gnu/10.1.0/crtend.o /usr/lib/../lib64/crtn.o
COLLECT_GCC_OPTIONS='-v' '-o' 'cmTC_cc741' '-I' '/glade/u/apps/ch/opt/gnu/10.1.0/include' '-I' '/glade/u/apps/ch/opt/netcdf/4.7.3/gnu/10.1.0/include' '-L/glade/u/apps/ch/opt/gnu/10.1.0/lib64' '-L/glade/u/apps/ch/opt/gnu/10.1.0/lib/gcc/x86_64-pc-linux-gnu/10.1.0' '-L/glade/u/apps/ch/opt/netcdf/4.7.3/gnu/10.1.0/lib' '-shared-libgcc' '-mtune=generic' '-march=x86-64'
gmake[1]: Leaving directory '/glade/scratch/jframe/nh-libtorch/build/CMakeFiles/CMakeTmp'



Parsed CXX implicit include dir info from above output: rv=done
  found start of include info
  found start of implicit include info
    add: [/glade/u/apps/ch/opt/netcdf/4.7.3/gnu/10.1.0/include]
    add: [/glade/u/apps/ch/opt/mpt_fmods/2.22/gnu/10.1.0]
    add: [/glade/u/apps/ch/opt/mpt/2.22/include]
    add: [/glade/u/apps/ch/opt/gnu/10.1.0/lib/gcc/x86_64-pc-linux-gnu/10.1.0/../../../../include/c++/10.1.0]
    add: [/glade/u/apps/ch/opt/gnu/10.1.0/lib/gcc/x86_64-pc-linux-gnu/10.1.0/../../../../include/c++/10.1.0/x86_64-pc-linux-gnu]
    add: [/glade/u/apps/ch/opt/gnu/10.1.0/lib/gcc/x86_64-pc-linux-gnu/10.1.0/../../../../include/c++/10.1.0/backward]
    add: [/glade/u/apps/ch/opt/gnu/10.1.0/lib/gcc/x86_64-pc-linux-gnu/10.1.0/include]
    add: [/usr/local/include]
    add: [/glade/u/apps/ch/opt/gnu/10.1.0/include]
    add: [/glade/u/apps/ch/opt/gnu/10.1.0/lib/gcc/x86_64-pc-linux-gnu/10.1.0/include-fixed]
    add: [/usr/include]
  end of search list found
  collapse include dir [/glade/u/apps/ch/opt/netcdf/4.7.3/gnu/10.1.0/include] ==> [/glade/u/apps/ch/opt/netcdf/4.7.3/gnu/10.1.0/include]
  collapse include dir [/glade/u/apps/ch/opt/mpt_fmods/2.22/gnu/10.1.0] ==> [/glade/u/apps/ch/opt/mpt_fmods/2.22/gnu/10.1.0]
  collapse include dir [/glade/u/apps/ch/opt/mpt/2.22/include] ==> [/glade/u/apps/ch/opt/mpt/2.22/include]
  collapse include dir [/glade/u/apps/ch/opt/gnu/10.1.0/lib/gcc/x86_64-pc-linux-gnu/10.1.0/../../../../include/c++/10.1.0] ==> [/glade/u/apps/ch/opt/gnu/10.1.0/include/c++/10.1.0]
  collapse include dir [/glade/u/apps/ch/opt/gnu/10.1.0/lib/gcc/x86_64-pc-linux-gnu/10.1.0/../../../../include/c++/10.1.0/x86_64-pc-linux-gnu] ==> [/glade/u/apps/ch/opt/gnu/10.1.0/include/c++/10.1.0/x86_64-pc-linux-gnu]
  collapse include dir [/glade/u/apps/ch/opt/gnu/10.1.0/lib/gcc/x86_64-pc-linux-gnu/10.1.0/../../../../include/c++/10.1.0/backward] ==> [/glade/u/apps/ch/opt/gnu/10.1.0/include/c++/10.1.0/backward]
  collapse include dir [/glade/u/apps/ch/opt/gnu/10.1.0/lib/gcc/x86_64-pc-linux-gnu/10.1.0/include] ==> [/glade/u/apps/ch/opt/gnu/10.1.0/lib/gcc/x86_64-pc-linux-gnu/10.1.0/include]
  collapse include dir [/usr/local/include] ==> [/usr/local/include]
  collapse include dir [/glade/u/apps/ch/opt/gnu/10.1.0/include] ==> [/glade/u/apps/ch/opt/gnu/10.1.0/include]
  collapse include dir [/glade/u/apps/ch/opt/gnu/10.1.0/lib/gcc/x86_64-pc-linux-gnu/10.1.0/include-fixed] ==> [/glade/u/apps/ch/opt/gnu/10.1.0/lib/gcc/x86_64-pc-linux-gnu/10.1.0/include-fixed]
  collapse include dir [/usr/include] ==> [/usr/include]
  implicit include dirs: [/glade/u/apps/ch/opt/netcdf/4.7.3/gnu/10.1.0/include;/glade/u/apps/ch/opt/mpt_fmods/2.22/gnu/10.1.0;/glade/u/apps/ch/opt/mpt/2.22/include;/glade/u/apps/ch/opt/gnu/10.1.0/include/c++/10.1.0;/glade/u/apps/ch/opt/gnu/10.1.0/include/c++/10.1.0/x86_64-pc-linux-gnu;/glade/u/apps/ch/opt/gnu/10.1.0/include/c++/10.1.0/backward;/glade/u/apps/ch/opt/gnu/10.1.0/lib/gcc/x86_64-pc-linux-gnu/10.1.0/include;/usr/local/include;/glade/u/apps/ch/opt/gnu/10.1.0/include;/glade/u/apps/ch/opt/gnu/10.1.0/lib/gcc/x86_64-pc-linux-gnu/10.1.0/include-fixed;/usr/include]


Parsed CXX implicit link information from above output:
  link line regex: [^( *|.*[/\])(ld|CMAKE_LINK_STARTFILE-NOTFOUND|([^/\]+-)?ld|collect2)[^/\]*( |$)]
  ignore line: [Change Dir: /glade/scratch/jframe/nh-libtorch/build/CMakeFiles/CMakeTmp]
  ignore line: []
  ignore line: [Run Build Command(s):/usr/bin/gmake cmTC_cc741/fast && /usr/bin/gmake  -f CMakeFiles/cmTC_cc741.dir/build.make CMakeFiles/cmTC_cc741.dir/build]
  ignore line: [gmake[1]: Entering directory '/glade/scratch/jframe/nh-libtorch/build/CMakeFiles/CMakeTmp']
  ignore line: [Building CXX object CMakeFiles/cmTC_cc741.dir/CMakeCXXCompilerABI.cpp.o]
  ignore line: [/glade/u/apps/ch/opt/ncarcompilers/0.5.0/gnu/10.1.0/g++   -v -o CMakeFiles/cmTC_cc741.dir/CMakeCXXCompilerABI.cpp.o -c /glade/u/apps/ch/opt/cmake/3.18.2/share/cmake-3.18/Modules/CMakeCXXCompilerABI.cpp]
  ignore line: [Using built-in specs.]
  ignore line: [COLLECT_GCC=g++]
  ignore line: [Target: x86_64-pc-linux-gnu]
  ignore line: [Configured with: ../configure --prefix=/glade/u/apps/ch/opt/gnu/10.1.0/ --enable-languages=c c++ fortran lto --enable-threads --disable-multilib]
  ignore line: [Thread model: posix]
  ignore line: [Supported LTO compression algorithms: zlib]
  ignore line: [gcc version 10.1.0 (GCC) ]
  ignore line: [COLLECT_GCC_OPTIONS='-v' '-o' 'CMakeFiles/cmTC_cc741.dir/CMakeCXXCompilerABI.cpp.o' '-c' '-I' '/glade/u/apps/ch/opt/gnu/10.1.0/include' '-I' '/glade/u/apps/ch/opt/netcdf/4.7.3/gnu/10.1.0/include' '-L/glade/u/apps/ch/opt/gnu/10.1.0/lib64' '-L/glade/u/apps/ch/opt/gnu/10.1.0/lib/gcc/x86_64-pc-linux-gnu/10.1.0' '-L/glade/u/apps/ch/opt/netcdf/4.7.3/gnu/10.1.0/lib' '-shared-libgcc' '-mtune=generic' '-march=x86-64']
  ignore line: [ /glade/u/apps/ch/opt/gnu/10.1.0/libexec/gcc/x86_64-pc-linux-gnu/10.1.0/cc1plus -quiet -v -I /glade/u/apps/ch/opt/gnu/10.1.0/include -I /glade/u/apps/ch/opt/netcdf/4.7.3/gnu/10.1.0/include -D_GNU_SOURCE /glade/u/apps/ch/opt/cmake/3.18.2/share/cmake-3.18/Modules/CMakeCXXCompilerABI.cpp -quiet -dumpbase CMakeCXXCompilerABI.cpp -mtune=generic -march=x86-64 -auxbase-strip CMakeFiles/cmTC_cc741.dir/CMakeCXXCompilerABI.cpp.o -version -o /glade/scratch/jframe/ccHw7Ax6.s]
  ignore line: [GNU C++14 (GCC) version 10.1.0 (x86_64-pc-linux-gnu)]
  ignore line: [	compiled by GNU C version 10.1.0  GMP version 6.1.0  MPFR version 3.1.4  MPC version 1.0.3  isl version none]
  ignore line: [GGC heuristics: --param ggc-min-expand=100 --param ggc-min-heapsize=131072]
  ignore line: [ignoring nonexistent directory "/glade/u/apps/ch/opt/gnu/10.1.0/lib/gcc/x86_64-pc-linux-gnu/10.1.0/../../../../x86_64-pc-linux-gnu/include"]
  ignore line: [ignoring duplicate directory "/glade/u/apps/ch/opt/gnu/10.1.0/include"]
  ignore line: [  as it is a non-system directory that duplicates a system directory]
  ignore line: [#include "..." search starts here:]
  ignore line: [#include <...> search starts here:]
  ignore line: [ /glade/u/apps/ch/opt/netcdf/4.7.3/gnu/10.1.0/include]
  ignore line: [ /glade/u/apps/ch/opt/mpt_fmods/2.22/gnu/10.1.0]
  ignore line: [ /glade/u/apps/ch/opt/mpt/2.22/include]
  ignore line: [ /glade/u/apps/ch/opt/gnu/10.1.0/lib/gcc/x86_64-pc-linux-gnu/10.1.0/../../../../include/c++/10.1.0]
  ignore line: [ /glade/u/apps/ch/opt/gnu/10.1.0/lib/gcc/x86_64-pc-linux-gnu/10.1.0/../../../../include/c++/10.1.0/x86_64-pc-linux-gnu]
  ignore line: [ /glade/u/apps/ch/opt/gnu/10.1.0/lib/gcc/x86_64-pc-linux-gnu/10.1.0/../../../../include/c++/10.1.0/backward]
  ignore line: [ /glade/u/apps/ch/opt/gnu/10.1.0/lib/gcc/x86_64-pc-linux-gnu/10.1.0/include]
  ignore line: [ /usr/local/include]
  ignore line: [ /glade/u/apps/ch/opt/gnu/10.1.0/include]
  ignore line: [ /glade/u/apps/ch/opt/gnu/10.1.0/lib/gcc/x86_64-pc-linux-gnu/10.1.0/include-fixed]
  ignore line: [ /usr/include]
  ignore line: [End of search list.]
  ignore line: [GNU C++14 (GCC) version 10.1.0 (x86_64-pc-linux-gnu)]
  ignore line: [	compiled by GNU C version 10.1.0  GMP version 6.1.0  MPFR version 3.1.4  MPC version 1.0.3  isl version none]
  ignore line: [GGC heuristics: --param ggc-min-expand=100 --param ggc-min-heapsize=131072]
  ignore line: [Compiler executable checksum: ec9cecbe71908ecbced0e753424bd256]
  ignore line: [COLLECT_GCC_OPTIONS='-v' '-o' 'CMakeFiles/cmTC_cc741.dir/CMakeCXXCompilerABI.cpp.o' '-c' '-I' '/glade/u/apps/ch/opt/gnu/10.1.0/include' '-I' '/glade/u/apps/ch/opt/netcdf/4.7.3/gnu/10.1.0/include' '-L/glade/u/apps/ch/opt/gnu/10.1.0/lib64' '-L/glade/u/apps/ch/opt/gnu/10.1.0/lib/gcc/x86_64-pc-linux-gnu/10.1.0' '-L/glade/u/apps/ch/opt/netcdf/4.7.3/gnu/10.1.0/lib' '-shared-libgcc' '-mtune=generic' '-march=x86-64']
  ignore line: [ as -v -I /glade/u/apps/ch/opt/gnu/10.1.0/include -I /glade/u/apps/ch/opt/netcdf/4.7.3/gnu/10.1.0/include --64 -o CMakeFiles/cmTC_cc741.dir/CMakeCXXCompilerABI.cpp.o /glade/scratch/jframe/ccHw7Ax6.s]
  ignore line: [GNU assembler version 2.31.1 (x86_64-suse-linux) using BFD version (GNU Binutils]
  ignore line: [ SUSE Linux Enterprise 12) 2.31.1.20180828-9.26]
  ignore line: [COMPILER_PATH=/glade/u/apps/ch/opt/gnu/10.1.0/libexec/gcc/x86_64-pc-linux-gnu/10.1.0/:/glade/u/apps/ch/opt/gnu/10.1.0/libexec/gcc/x86_64-pc-linux-gnu/10.1.0/:/glade/u/apps/ch/opt/gnu/10.1.0/libexec/gcc/x86_64-pc-linux-gnu/:/glade/u/apps/ch/opt/gnu/10.1.0/lib/gcc/x86_64-pc-linux-gnu/10.1.0/:/glade/u/apps/ch/opt/gnu/10.1.0/lib/gcc/x86_64-pc-linux-gnu/]
  ignore line: [LIBRARY_PATH=/glade/u/apps/ch/opt/gnu/10.1.0/lib/gcc/x86_64-pc-linux-gnu/10.1.0/:/glade/u/apps/ch/opt/gnu/10.1.0/lib/gcc/x86_64-pc-linux-gnu/10.1.0/../../../../lib64/:/lib/../lib64/:/usr/lib/../lib64/:/glade/u/apps/ch/opt/mpt/2.22/lib/:/glade/u/apps/ch/opt/gnu/10.1.0/lib/gcc/x86_64-pc-linux-gnu/10.1.0/../../../:/lib/:/usr/lib/]
  ignore line: [COLLECT_GCC_OPTIONS='-v' '-o' 'CMakeFiles/cmTC_cc741.dir/CMakeCXXCompilerABI.cpp.o' '-c' '-I' '/glade/u/apps/ch/opt/gnu/10.1.0/include' '-I' '/glade/u/apps/ch/opt/netcdf/4.7.3/gnu/10.1.0/include' '-L/glade/u/apps/ch/opt/gnu/10.1.0/lib64' '-L/glade/u/apps/ch/opt/gnu/10.1.0/lib/gcc/x86_64-pc-linux-gnu/10.1.0' '-L/glade/u/apps/ch/opt/netcdf/4.7.3/gnu/10.1.0/lib' '-shared-libgcc' '-mtune=generic' '-march=x86-64']
  ignore line: [Linking CXX executable cmTC_cc741]
  ignore line: [/glade/u/apps/ch/opt/cmake/3.18.2/bin/cmake -E cmake_link_script CMakeFiles/cmTC_cc741.dir/link.txt --verbose=1]
  ignore line: [/glade/u/apps/ch/opt/ncarcompilers/0.5.0/gnu/10.1.0/g++  -v CMakeFiles/cmTC_cc741.dir/CMakeCXXCompilerABI.cpp.o -o cmTC_cc741 ]
  ignore line: [Using built-in specs.]
  ignore line: [COLLECT_GCC=g++]
  ignore line: [COLLECT_LTO_WRAPPER=/glade/u/apps/ch/opt/gnu/10.1.0/libexec/gcc/x86_64-pc-linux-gnu/10.1.0/lto-wrapper]
  ignore line: [Target: x86_64-pc-linux-gnu]
  ignore line: [Configured with: ../configure --prefix=/glade/u/apps/ch/opt/gnu/10.1.0/ --enable-languages=c c++ fortran lto --enable-threads --disable-multilib]
  ignore line: [Thread model: posix]
  ignore line: [Supported LTO compression algorithms: zlib]
  ignore line: [gcc version 10.1.0 (GCC) ]
  ignore line: [COMPILER_PATH=/glade/u/apps/ch/opt/gnu/10.1.0/libexec/gcc/x86_64-pc-linux-gnu/10.1.0/:/glade/u/apps/ch/opt/gnu/10.1.0/libexec/gcc/x86_64-pc-linux-gnu/10.1.0/:/glade/u/apps/ch/opt/gnu/10.1.0/libexec/gcc/x86_64-pc-linux-gnu/:/glade/u/apps/ch/opt/gnu/10.1.0/lib/gcc/x86_64-pc-linux-gnu/10.1.0/:/glade/u/apps/ch/opt/gnu/10.1.0/lib/gcc/x86_64-pc-linux-gnu/]
  ignore line: [LIBRARY_PATH=/glade/u/apps/ch/opt/gnu/10.1.0/lib/gcc/x86_64-pc-linux-gnu/10.1.0/:/glade/u/apps/ch/opt/gnu/10.1.0/lib/gcc/x86_64-pc-linux-gnu/10.1.0/../../../../lib64/:/lib/../lib64/:/usr/lib/../lib64/:/glade/u/apps/ch/opt/mpt/2.22/lib/:/glade/u/apps/ch/opt/gnu/10.1.0/lib/gcc/x86_64-pc-linux-gnu/10.1.0/../../../:/lib/:/usr/lib/]
  ignore line: [COLLECT_GCC_OPTIONS='-v' '-o' 'cmTC_cc741' '-I' '/glade/u/apps/ch/opt/gnu/10.1.0/include' '-I' '/glade/u/apps/ch/opt/netcdf/4.7.3/gnu/10.1.0/include' '-L/glade/u/apps/ch/opt/gnu/10.1.0/lib64' '-L/glade/u/apps/ch/opt/gnu/10.1.0/lib/gcc/x86_64-pc-linux-gnu/10.1.0' '-L/glade/u/apps/ch/opt/netcdf/4.7.3/gnu/10.1.0/lib' '-shared-libgcc' '-mtune=generic' '-march=x86-64']
  link line: [ /glade/u/apps/ch/opt/gnu/10.1.0/libexec/gcc/x86_64-pc-linux-gnu/10.1.0/collect2 -plugin /glade/u/apps/ch/opt/gnu/10.1.0/libexec/gcc/x86_64-pc-linux-gnu/10.1.0/liblto_plugin.so -plugin-opt=/glade/u/apps/ch/opt/gnu/10.1.0/libexec/gcc/x86_64-pc-linux-gnu/10.1.0/lto-wrapper -plugin-opt=-fresolution=/glade/scratch/jframe/cc6MChy9.res -plugin-opt=-pass-through=-lgcc_s -plugin-opt=-pass-through=-lgcc -plugin-opt=-pass-through=-lc -plugin-opt=-pass-through=-lgcc_s -plugin-opt=-pass-through=-lgcc --eh-frame-hdr -m elf_x86_64 -dynamic-linker /lib64/ld-linux-x86-64.so.2 -o cmTC_cc741 /usr/lib/../lib64/crt1.o /usr/lib/../lib64/crti.o /glade/u/apps/ch/opt/gnu/10.1.0/lib/gcc/x86_64-pc-linux-gnu/10.1.0/crtbegin.o -L/glade/u/apps/ch/opt/gnu/10.1.0/lib64 -L/glade/u/apps/ch/opt/gnu/10.1.0/lib/gcc/x86_64-pc-linux-gnu/10.1.0 -L/glade/u/apps/ch/opt/netcdf/4.7.3/gnu/10.1.0/lib -L/glade/u/apps/ch/opt/gnu/10.1.0/lib/gcc/x86_64-pc-linux-gnu/10.1.0 -L/glade/u/apps/ch/opt/gnu/10.1.0/lib/gcc/x86_64-pc-linux-gnu/10.1.0/../../../../lib64 -L/lib/../lib64 -L/usr/lib/../lib64 -L/glade/u/apps/ch/opt/mpt/2.22/lib -L/glade/u/apps/ch/opt/gnu/10.1.0/lib/gcc/x86_64-pc-linux-gnu/10.1.0/../../.. CMakeFiles/cmTC_cc741.dir/CMakeCXXCompilerABI.cpp.o -Bstatic -lnetcdff -lnetcdf -lhdf5hl_fortran -lhdf5_hl -lhdf5_fortran -lhdf5 -lsz -lz -Bdynamic -ldl -lrt -ldl --disable-new-dtags -rpath /glade/u/apps/ch/opt/gnu/10.1.0/lib64 -rpath /glade/u/apps/ch/opt/gnu/10.1.0/lib/gcc/x86_64-pc-linux-gnu/10.1.0 -rpath /glade/u/apps/ch/opt/netcdf/4.7.3/gnu/10.1.0/lib -lstdc++ -lm -lgcc_s -lgcc -lc -lgcc_s -lgcc /glade/u/apps/ch/opt/gnu/10.1.0/lib/gcc/x86_64-pc-linux-gnu/10.1.0/crtend.o /usr/lib/../lib64/crtn.o]
    arg [/glade/u/apps/ch/opt/gnu/10.1.0/libexec/gcc/x86_64-pc-linux-gnu/10.1.0/collect2] ==> ignore
    arg [-plugin] ==> ignore
    arg [/glade/u/apps/ch/opt/gnu/10.1.0/libexec/gcc/x86_64-pc-linux-gnu/10.1.0/liblto_plugin.so] ==> ignore
    arg [-plugin-opt=/glade/u/apps/ch/opt/gnu/10.1.0/libexec/gcc/x86_64-pc-linux-gnu/10.1.0/lto-wrapper] ==> ignore
    arg [-plugin-opt=-fresolution=/glade/scratch/jframe/cc6MChy9.res] ==> ignore
    arg [-plugin-opt=-pass-through=-lgcc_s] ==> ignore
    arg [-plugin-opt=-pass-through=-lgcc] ==> ignore
    arg [-plugin-opt=-pass-through=-lc] ==> ignore
    arg [-plugin-opt=-pass-through=-lgcc_s] ==> ignore
    arg [-plugin-opt=-pass-through=-lgcc] ==> ignore
    arg [--eh-frame-hdr] ==> ignore
    arg [-m] ==> ignore
    arg [elf_x86_64] ==> ignore
    arg [-dynamic-linker] ==> ignore
    arg [/lib64/ld-linux-x86-64.so.2] ==> ignore
    arg [-o] ==> ignore
    arg [cmTC_cc741] ==> ignore
    arg [/usr/lib/../lib64/crt1.o] ==> ignore
    arg [/usr/lib/../lib64/crti.o] ==> ignore
    arg [/glade/u/apps/ch/opt/gnu/10.1.0/lib/gcc/x86_64-pc-linux-gnu/10.1.0/crtbegin.o] ==> ignore
    arg [-L/glade/u/apps/ch/opt/gnu/10.1.0/lib64] ==> dir [/glade/u/apps/ch/opt/gnu/10.1.0/lib64]
    arg [-L/glade/u/apps/ch/opt/gnu/10.1.0/lib/gcc/x86_64-pc-linux-gnu/10.1.0] ==> dir [/glade/u/apps/ch/opt/gnu/10.1.0/lib/gcc/x86_64-pc-linux-gnu/10.1.0]
    arg [-L/glade/u/apps/ch/opt/netcdf/4.7.3/gnu/10.1.0/lib] ==> dir [/glade/u/apps/ch/opt/netcdf/4.7.3/gnu/10.1.0/lib]
    arg [-L/glade/u/apps/ch/opt/gnu/10.1.0/lib/gcc/x86_64-pc-linux-gnu/10.1.0] ==> dir [/glade/u/apps/ch/opt/gnu/10.1.0/lib/gcc/x86_64-pc-linux-gnu/10.1.0]
    arg [-L/glade/u/apps/ch/opt/gnu/10.1.0/lib/gcc/x86_64-pc-linux-gnu/10.1.0/../../../../lib64] ==> dir [/glade/u/apps/ch/opt/gnu/10.1.0/lib/gcc/x86_64-pc-linux-gnu/10.1.0/../../../../lib64]
    arg [-L/lib/../lib64] ==> dir [/lib/../lib64]
    arg [-L/usr/lib/../lib64] ==> dir [/usr/lib/../lib64]
    arg [-L/glade/u/apps/ch/opt/mpt/2.22/lib] ==> dir [/glade/u/apps/ch/opt/mpt/2.22/lib]
    arg [-L/glade/u/apps/ch/opt/gnu/10.1.0/lib/gcc/x86_64-pc-linux-gnu/10.1.0/../../..] ==> dir [/glade/u/apps/ch/opt/gnu/10.1.0/lib/gcc/x86_64-pc-linux-gnu/10.1.0/../../..]
    arg [CMakeFiles/cmTC_cc741.dir/CMakeCXXCompilerABI.cpp.o] ==> ignore
    arg [-Bstatic] ==> ignore
    arg [-lnetcdff] ==> lib [netcdff]
    arg [-lnetcdf] ==> lib [netcdf]
    arg [-lhdf5hl_fortran] ==> lib [hdf5hl_fortran]
    arg [-lhdf5_hl] ==> lib [hdf5_hl]
    arg [-lhdf5_fortran] ==> lib [hdf5_fortran]
    arg [-lhdf5] ==> lib [hdf5]
    arg [-lsz] ==> lib [sz]
    arg [-lz] ==> lib [z]
    arg [-Bdynamic] ==> ignore
    arg [-ldl] ==> lib [dl]
    arg [-lrt] ==> lib [rt]
    arg [-ldl] ==> lib [dl]
    arg [--disable-new-dtags] ==> ignore
    arg [-rpath] ==> ignore
    arg [/glade/u/apps/ch/opt/gnu/10.1.0/lib64] ==> ignore
    arg [-rpath] ==> ignore
    arg [/glade/u/apps/ch/opt/gnu/10.1.0/lib/gcc/x86_64-pc-linux-gnu/10.1.0] ==> ignore
    arg [-rpath] ==> ignore
    arg [/glade/u/apps/ch/opt/netcdf/4.7.3/gnu/10.1.0/lib] ==> ignore
    arg [-lstdc++] ==> lib [stdc++]
    arg [-lm] ==> lib [m]
    arg [-lgcc_s] ==> lib [gcc_s]
    arg [-lgcc] ==> lib [gcc]
    arg [-lc] ==> lib [c]
    arg [-lgcc_s] ==> lib [gcc_s]
    arg [-lgcc] ==> lib [gcc]
    arg [/glade/u/apps/ch/opt/gnu/10.1.0/lib/gcc/x86_64-pc-linux-gnu/10.1.0/crtend.o] ==> ignore
    arg [/usr/lib/../lib64/crtn.o] ==> ignore
  collapse library dir [/glade/u/apps/ch/opt/gnu/10.1.0/lib64] ==> [/glade/u/apps/ch/opt/gnu/10.1.0/lib64]
  collapse library dir [/glade/u/apps/ch/opt/gnu/10.1.0/lib/gcc/x86_64-pc-linux-gnu/10.1.0] ==> [/glade/u/apps/ch/opt/gnu/10.1.0/lib/gcc/x86_64-pc-linux-gnu/10.1.0]
  collapse library dir [/glade/u/apps/ch/opt/netcdf/4.7.3/gnu/10.1.0/lib] ==> [/glade/u/apps/ch/opt/netcdf/4.7.3/gnu/10.1.0/lib]
  collapse library dir [/glade/u/apps/ch/opt/gnu/10.1.0/lib/gcc/x86_64-pc-linux-gnu/10.1.0] ==> [/glade/u/apps/ch/opt/gnu/10.1.0/lib/gcc/x86_64-pc-linux-gnu/10.1.0]
  collapse library dir [/glade/u/apps/ch/opt/gnu/10.1.0/lib/gcc/x86_64-pc-linux-gnu/10.1.0/../../../../lib64] ==> [/glade/u/apps/ch/opt/gnu/10.1.0/lib64]
  collapse library dir [/lib/../lib64] ==> [/lib64]
  collapse library dir [/usr/lib/../lib64] ==> [/usr/lib64]
  collapse library dir [/glade/u/apps/ch/opt/mpt/2.22/lib] ==> [/glade/u/apps/ch/opt/mpt/2.22/lib]
  collapse library dir [/glade/u/apps/ch/opt/gnu/10.1.0/lib/gcc/x86_64-pc-linux-gnu/10.1.0/../../..] ==> [/glade/u/apps/ch/opt/gnu/10.1.0/lib]
  implicit libs: [netcdff;netcdf;hdf5hl_fortran;hdf5_hl;hdf5_fortran;hdf5;sz;z;dl;rt;dl;stdc++;m;gcc_s;gcc;c;gcc_s;gcc]
  implicit dirs: [/glade/u/apps/ch/opt/gnu/10.1.0/lib64;/glade/u/apps/ch/opt/gnu/10.1.0/lib/gcc/x86_64-pc-linux-gnu/10.1.0;/glade/u/apps/ch/opt/netcdf/4.7.3/gnu/10.1.0/lib;/lib64;/usr/lib64;/glade/u/apps/ch/opt/mpt/2.22/lib;/glade/u/apps/ch/opt/gnu/10.1.0/lib]
  implicit fwks: []


Determining if the include file pthread.h exists passed with the following output:
Change Dir: /glade/scratch/jframe/nh-libtorch/build/CMakeFiles/CMakeTmp

Run Build Command(s):/usr/bin/gmake cmTC_63451/fast && /usr/bin/gmake  -f CMakeFiles/cmTC_63451.dir/build.make CMakeFiles/cmTC_63451.dir/build
gmake[1]: Entering directory '/glade/scratch/jframe/nh-libtorch/build/CMakeFiles/CMakeTmp'
Building C object CMakeFiles/cmTC_63451.dir/CheckIncludeFile.c.o
/glade/u/apps/ch/opt/ncarcompilers/0.5.0/gnu/10.1.0/gcc    -o CMakeFiles/cmTC_63451.dir/CheckIncludeFile.c.o -c /glade/scratch/jframe/nh-libtorch/build/CMakeFiles/CMakeTmp/CheckIncludeFile.c
Linking C executable cmTC_63451
/glade/u/apps/ch/opt/cmake/3.18.2/bin/cmake -E cmake_link_script CMakeFiles/cmTC_63451.dir/link.txt --verbose=1
/glade/u/apps/ch/opt/ncarcompilers/0.5.0/gnu/10.1.0/gcc CMakeFiles/cmTC_63451.dir/CheckIncludeFile.c.o -o cmTC_63451 
gmake[1]: Leaving directory '/glade/scratch/jframe/nh-libtorch/build/CMakeFiles/CMakeTmp'



Determining if the function pthread_create exists in the pthread passed with the following output:
Change Dir: /glade/scratch/jframe/nh-libtorch/build/CMakeFiles/CMakeTmp

Run Build Command(s):/usr/bin/gmake cmTC_13543/fast && /usr/bin/gmake  -f CMakeFiles/cmTC_13543.dir/build.make CMakeFiles/cmTC_13543.dir/build
gmake[1]: Entering directory '/glade/scratch/jframe/nh-libtorch/build/CMakeFiles/CMakeTmp'
Building C object CMakeFiles/cmTC_13543.dir/CheckFunctionExists.c.o
/glade/u/apps/ch/opt/ncarcompilers/0.5.0/gnu/10.1.0/gcc   -DCHECK_FUNCTION_EXISTS=pthread_create -o CMakeFiles/cmTC_13543.dir/CheckFunctionExists.c.o -c /glade/u/apps/ch/opt/cmake/3.18.2/share/cmake-3.18/Modules/CheckFunctionExists.c
Linking C executable cmTC_13543
/glade/u/apps/ch/opt/cmake/3.18.2/bin/cmake -E cmake_link_script CMakeFiles/cmTC_13543.dir/link.txt --verbose=1
/glade/u/apps/ch/opt/ncarcompilers/0.5.0/gnu/10.1.0/gcc  -DCHECK_FUNCTION_EXISTS=pthread_create CMakeFiles/cmTC_13543.dir/CheckFunctionExists.c.o -o cmTC_13543  -lpthread 
gmake[1]: Leaving directory '/glade/scratch/jframe/nh-libtorch/build/CMakeFiles/CMakeTmp'



